<?xml version="1.0" encoding="UTF-8"?>
<!-- Generated by org.testng.reporters.JUnitReportReporter -->
<testsuite hostname="G1C2ML15666" name="testObject.NewTest" tests="2" failures="0" timestamp="3 Aug 2018 11:59:53 GMT" time="9.009" errors="0">
  <testcase name="f1" time="8.181" classname="testObject.NewTest"/>
  <testcase name="f" time="0.828" classname="testObject.NewTest"/>
</testsuite> <!-- testObject.NewTest -->
