<?xml version="1.0" encoding="UTF-8"?>
<!-- Generated by org.testng.reporters.JUnitReportReporter -->
<testsuite skipped="0" hostname="G1C2ML15666" name="automation.NewTest" tests="2" failures="0" timestamp="01 Aug 2018 12:10:11 GMT" time="14.129" errors="0">
  <testcase name="f1" time="6.385" classname="automation.NewTest"/>
  <testcase name="f" time="7.744" classname="automation.NewTest"/>
</testsuite> <!-- automation.NewTest -->
