<?xml version="1.0" encoding="UTF-8"?>
<!-- Generated by org.testng.reporters.JUnitReportReporter -->
<testsuite skipped="0" hostname="G1C2ML15666" name="ques1.ques1.ques1Test" tests="1" failures="0" timestamp="04 Aug 2018 12:37:14 GMT" time="5.793" errors="0">
  <testcase name="f" time="5.793" classname="ques1.ques1.ques1Test"/>
</testsuite> <!-- ques1.ques1.ques1Test -->
