<?xml version="1.0" encoding="UTF-8"?>
<!-- Generated by org.testng.reporters.JUnitReportReporter -->
<testsuite skipped="0" hostname="G1C2ML15666" name="asgn3.NewTest" tests="3" failures="0" timestamp="08 Aug 2018 05:07:52 GMT" time="72.947" errors="0">
  <testcase name="f2" time="25.283" classname="asgn3.NewTest"/>
  <testcase name="f1" time="24.607" classname="asgn3.NewTest"/>
  <testcase name="f" time="23.057" classname="asgn3.NewTest"/>
</testsuite> <!-- asgn3.NewTest -->
